<?xml version="1.0" encoding="UTF-8" ?>
<testsuite failures="0" time="0.014" errors="0" skipped="0" tests="1" name="com.yz.AppTest">
  <properties>
    <property name="java.runtime.name" value="Java(TM) SE Runtime Environment"/>
    <property name="sun.boot.library.path" value="G:\java\jdk1.6.0_12\jre\bin"/>
    <property name="java.vm.version" value="11.2-b01"/>
    <property name="java.vm.vendor" value="Sun Microsystems Inc."/>
    <property name="java.vendor.url" value="http://java.sun.com/"/>
    <property name="path.separator" value=";"/>
    <property name="java.vm.name" value="Java HotSpot(TM) Client VM"/>
    <property name="file.encoding.pkg" value="sun.io"/>
    <property name="user.country" value="CN"/>
    <property name="sun.java.launcher" value="SUN_STANDARD"/>
    <property name="sun.os.patch.level" value=""/>
    <property name="java.vm.specification.name" value="Java Virtual Machine Specification"/>
    <property name="user.dir" value="C:\Users\hy\Workspaces\MyEclipse 10\yz"/>
    <property name="java.runtime.version" value="1.6.0_12-b04"/>
    <property name="java.awt.graphicsenv" value="sun.awt.Win32GraphicsEnvironment"/>
    <property name="basedir" value="C:\Users\hy\Workspaces\MyEclipse 10\yz"/>
    <property name="java.endorsed.dirs" value="G:\java\jdk1.6.0_12\jre\lib\endorsed"/>
    <property name="os.arch" value="x86"/>
    <property name="surefire.real.class.path" value="C:\Users\hy\Workspaces\MyEclipse 10\yz\target\surefire\surefirebooter5048681917800635259.jar"/>
    <property name="java.io.tmpdir" value="C:\Users\hy\AppData\Local\Temp\"/>
    <property name="line.separator" value="
"/>
    <property name="java.vm.specification.vendor" value="Sun Microsystems Inc."/>
    <property name="user.variant" value=""/>
    <property name="os.name" value="Windows Vista"/>
    <property name="sun.jnu.encoding" value="GBK"/>
    <property name="java.library.path" value="G:\java\jdk1.6.0_12\jre\bin;.;C:\WINDOWS\Sun\Java\bin;C:\WINDOWS\system32;C:\WINDOWS;G:\NewJava\Java\jdk1.8.0_91\bin;G:\NewJava\Java\jdk1.8.0_91\jre\bin;C:\ProgramData\Oracle\Java\javapath;G:\NewJava\Java\jdk1.8.0_91\bin;G:\NewJava\apache-maven-3.3.9-bin\apache-maven-3.3.9\bin;G:\ht\oracle\product\10.2.0\db_1\bin;C:\Program Files\TortoiseSVN\bin;C:\Program Files (x86)\Microsoft SQL Server\100\Tools\Binn\;C:\Program Files\Microsoft SQL Server\100\Tools\Binn\;C:\Program Files\Microsoft SQL Server\100\DTS\Binn\;G:\gradle-3.1-all\gradle-3.1\bin"/>
    <property name="surefire.test.class.path" value="C:\Users\hy\Workspaces\MyEclipse 10\yz\target\test-classes;C:\Users\hy\Workspaces\MyEclipse 10\yz\target\classes;C:\Users\hy\.m2\repository\junit\junit\3.8.1\junit-3.8.1.jar;"/>
    <property name="java.specification.name" value="Java Platform API Specification"/>
    <property name="java.class.version" value="50.0"/>
    <property name="sun.management.compiler" value="HotSpot Client Compiler"/>
    <property name="os.version" value="6.2"/>
    <property name="user.home" value="C:\Users\hy"/>
    <property name="user.timezone" value=""/>
    <property name="java.awt.printerjob" value="sun.awt.windows.WPrinterJob"/>
    <property name="java.specification.version" value="1.6"/>
    <property name="file.encoding" value="GBK"/>
    <property name="user.name" value="hy"/>
    <property name="java.class.path" value="C:\Users\hy\Workspaces\MyEclipse 10\yz\target\test-classes;C:\Users\hy\Workspaces\MyEclipse 10\yz\target\classes;C:\Users\hy\.m2\repository\junit\junit\3.8.1\junit-3.8.1.jar;"/>
    <property name="java.vm.specification.version" value="1.0"/>
    <property name="sun.arch.data.model" value="32"/>
    <property name="java.home" value="G:\java\jdk1.6.0_12\jre"/>
    <property name="java.specification.vendor" value="Sun Microsystems Inc."/>
    <property name="user.language" value="zh"/>
    <property name="awt.toolkit" value="sun.awt.windows.WToolkit"/>
    <property name="java.vm.info" value="mixed mode, sharing"/>
    <property name="java.version" value="1.6.0_12"/>
    <property name="java.ext.dirs" value="G:\java\jdk1.6.0_12\jre\lib\ext;C:\WINDOWS\Sun\Java\lib\ext"/>
    <property name="sun.boot.class.path" value="G:\java\jdk1.6.0_12\jre\lib\resources.jar;G:\java\jdk1.6.0_12\jre\lib\rt.jar;G:\java\jdk1.6.0_12\jre\lib\sunrsasign.jar;G:\java\jdk1.6.0_12\jre\lib\jsse.jar;G:\java\jdk1.6.0_12\jre\lib\jce.jar;G:\java\jdk1.6.0_12\jre\lib\charsets.jar;G:\java\jdk1.6.0_12\jre\classes"/>
    <property name="java.vendor" value="Sun Microsystems Inc."/>
    <property name="localRepository" value="C:\Users\hy\.m2\repository"/>
    <property name="file.separator" value="\"/>
    <property name="java.vendor.url.bug" value="http://java.sun.com/cgi-bin/bugreport.cgi"/>
    <property name="sun.cpu.endian" value="little"/>
    <property name="sun.io.unicode.encoding" value="UnicodeLittle"/>
    <property name="sun.desktop" value="windows"/>
    <property name="sun.cpu.isalist" value="pentium_pro+mmx pentium_pro pentium+mmx pentium i486 i386 i86"/>
  </properties>
  <testcase time="0.002" classname="com.yz.AppTest" name="testApp"/>
</testsuite>